<?xml version="1.0" encoding="UTF-8"?>
<!-- Generated by org.testng.reporters.JUnitReportReporter -->
<testsuite hostname="INCNU348D1X1" failures="0" tests="1" name="com.crossover.e2e.GMailTest" time="25.323" errors="0" timestamp="15 Aug 2019 10:08:41 GMT" skipped="0">
  <testcase classname="com.crossover.e2e.GMailTest" name="testSendEmail" time="25.323"/>
</testsuite> <!-- com.crossover.e2e.GMailTest -->
