<?xml version="1.0" encoding="UTF-8"?>
<!-- Generated by org.testng.reporters.JUnitReportReporter -->
<testsuite hostname="INCNU348D1X1" failures="0" tests="2" name="allTests.AddRemove_Elements" time="0.076" errors="0" timestamp="10 May 2019 06:19:45 GMT" skipped="0">
  <testcase classname="allTests.AddRemove_Elements" name="testingAllure1" time="0.070"/>
  <testcase classname="allTests.AddRemove_Elements" name="testingAllure2" time="0.006"/>
</testsuite> <!-- allTests.AddRemove_Elements -->
