<?xml version="1.0" encoding="UTF-8"?>
<!-- Generated by org.testng.reporters.JUnitReportReporter -->
<testsuite hostname="INCNU348D1X1" failures="0" tests="1" name="allTests.DynamicContent" time="6.690" errors="0" timestamp="15 May 2019 06:04:08 GMT" skipped="0">
  <testcase classname="allTests.DynamicContent" name="test" time="6.690"/>
</testsuite> <!-- allTests.DynamicContent -->
