<?xml version="1.0" encoding="UTF-8"?>
<!-- Generated by org.testng.reporters.JUnitReportReporter -->
<testsuite hostname="INCNU348D1X1" failures="0" tests="1" name="allTests.UploadAFile" time="1.435" errors="0" timestamp="10 May 2019 17:34:02 GMT" skipped="0">
  <testcase classname="allTests.UploadAFile" name="uploadFileTest" time="1.435"/>
</testsuite> <!-- allTests.UploadAFile -->
