<?xml version="1.0" encoding="UTF-8"?>
<!-- Generated by org.testng.reporters.JUnitReportReporter -->
<testsuite hostname="INCNU348D1X1" failures="0" tests="1" name="SeleniumInternetAutomation.theInternet.test" time="0.588" errors="0" timestamp="10 May 2019 03:56:12 GMT" skipped="0">
  <testcase classname="SeleniumInternetAutomation.theInternet.test" name="testingAllure" time="0.588"/>
</testsuite> <!-- SeleniumInternetAutomation.theInternet.test -->
