<?xml version="1.0" encoding="UTF-8"?>
<!-- Generated by org.testng.reporters.JUnitReportReporter -->
<testsuite hostname="INCNU348D1X1" failures="0" tests="1" name="allTests.BrokenImagesTest" time="3.124" errors="0" timestamp="14 May 2019 10:22:52 GMT" skipped="0">
  <testcase classname="allTests.BrokenImagesTest" name="test" time="3.124"/>
</testsuite> <!-- allTests.BrokenImagesTest -->
