<?xml version="1.0" encoding="UTF-8"?>
<!-- Generated by org.testng.reporters.JUnitReportReporter -->
<testsuite hostname="INCNU348D1X1" failures="0" tests="1" name="allTests.ModalWindow" time="7.637" errors="0" timestamp="15 May 2019 08:47:19 GMT" skipped="0">
  <testcase classname="allTests.ModalWindow" name="test" time="7.637"/>
</testsuite> <!-- allTests.ModalWindow -->
