<?xml version="1.0" encoding="UTF-8"?>
<!-- Generated by org.testng.reporters.JUnitReportReporter -->
<testsuite hostname="INCNU348D1X1" failures="0" tests="1" name="allTests.Dropdown" time="6.912" errors="0" timestamp="15 May 2019 04:49:13 GMT" skipped="0">
  <testcase classname="allTests.Dropdown" name="test" time="6.912"/>
</testsuite> <!-- allTests.Dropdown -->
