<?xml version="1.0" encoding="UTF-8"?>
<!-- Generated by org.testng.reporters.JUnitReportReporter -->
<testsuite hostname="INCNU348D1X1" failures="0" tests="1" name="allTests.DragAndDrop" time="7.096" errors="0" timestamp="15 May 2019 04:25:25 GMT" skipped="0">
  <testcase classname="allTests.DragAndDrop" name="test" time="7.096"/>
</testsuite> <!-- allTests.DragAndDrop -->
