<?xml version="1.0" encoding="UTF-8"?>
<!-- Generated by org.testng.reporters.JUnitReportReporter -->
<testsuite hostname="INCNU348D1X1" failures="0" tests="1" name="allTests.AddRemoveElements" time="11.150" errors="0" timestamp="14 May 2019 07:15:30 GMT" skipped="0">
  <testcase classname="allTests.AddRemoveElements" name="test" time="11.150"/>
</testsuite> <!-- allTests.AddRemoveElements -->
