<?xml version="1.0" encoding="UTF-8"?>
<!-- Generated by org.testng.reporters.JUnitReportReporter -->
<testsuite hostname="INCNU348D1X1" failures="0" tests="1" name="allTests.CheckBoxes" time="1.142" errors="0" timestamp="14 May 2019 11:07:39 GMT" skipped="0">
  <testcase classname="allTests.CheckBoxes" name="test" time="1.142"/>
</testsuite> <!-- allTests.CheckBoxes -->
