<?xml version="1.0" encoding="UTF-8"?>
<!-- Generated by org.testng.reporters.JUnitReportReporter -->
<testsuite hostname="INCNU348D1X1" failures="0" tests="1" name="allTests.HeadlessChrome" time="0.117" errors="0" timestamp="10 May 2019 17:24:56 GMT" skipped="0">
  <testcase classname="allTests.HeadlessChrome" name="headlessChromeTest" time="0.117"/>
</testsuite> <!-- allTests.HeadlessChrome -->
